Arguments: 
  C:\Program Files\nodejs\node.exe C:\Users\user\AppData\Roaming\npm\node_modules\yarn\bin\yarn.js

PATH: 
  C:\Python39\Scripts\;C:\Python39\;C:\Windows\system32;C:\Windows;C:\Windows\System32\Wbem;C:\Windows\System32\WindowsPowerShell\v1.0\;C:\Windows\System32\OpenSSH\;C:\ProgramData\chocolatey\bin;;C:\Program Files\Mullvad VPN\resources;C:\Program Files\nodejs\;C:\Users\user\scoop\shims;C:\Users\user\AppData\Local\Microsoft\WindowsApps;;C:\Users\user\AppData\Local\Programs\VSCodium\bin;C:\Users\user\AppData\Roaming\npm

Yarn version: 
  1.22.10

Node version: 
  16.3.0

Platform: 
  win32 x64

Trace: 
  SyntaxError: C:\Users\user\Documents\Code\un\package.json: Unexpected token } in JSON at position 1318
      at JSON.parse (<anonymous>)
      at C:\Users\user\AppData\Roaming\npm\node_modules\yarn\lib\cli.js:1625:59
      at Generator.next (<anonymous>)
      at step (C:\Users\user\AppData\Roaming\npm\node_modules\yarn\lib\cli.js:310:30)
      at C:\Users\user\AppData\Roaming\npm\node_modules\yarn\lib\cli.js:321:13

npm manifest: 
  {
    "name": "unstack",
    "version": "0.4.0-aplha",
    "description": "Unstack Design System",
    "main": "index.js",
    "scripts": {
      "format": "prettier \"src/**/*.{js,html}\" --write",
      "lint": "eslint \"src/**/*.{js,jsx}\" --quiet",
      "storybook": "start-storybook -p 6006",
      "build-storybook": "build-storybook"
    },
    "repository": {
      "type": "git",
      "url": "git+https://github.com/unstackinc/un.git"
    },
    "license": "MIT",
    "bugs": {
      "url": "https://github.com/unstackinc/un/issues"
    },
    "homepage": "https://github.com/unstackinc/un#readme",
    "dependencies": {
      "@reach/accordion": "^0.15.1",
      "@reach/alert": "^0.15.0",
      "@reach/alert-dialog": "^0.15.0",
      "@reach/checkbox": "^0.15.1",
      "@reach/combobox": "^0.15.1",
      "@reach/dialog": "^0.15.0",
      "@reach/disclosure": "^0.15.0",
      "@reach/listbox": "^0.15.0",
      "@reach/menu-button": "^0.15.1",
      "@reach/portal": "^0.15.0",
      "@reach/router": "^1.3.4",
      "@reach/skip-nav": "^0.15.0",
      "@reach/slider": "^0.15.0",
      "@reach/tabs": "^0.15.0",
      "@reach/tooltip": "^0.15.0",
      "@reach/visually-hidden": "^0.15.0",
      "@tippyjs/react": "^4.2.5",
      "react": "^16.14.0",
      "react-dom": "^16.14.0",
      "react-icons": "^4.2.0",
      "styled-components": "^5.3.0",
      "styled-system": "^5.1.5",
    },
    "devDependencies": {
      "@babel/core": "^7.14.6",
      "@storybook/addon-actions": "^6.2.9",
      "@storybook/addon-essentials": "^6.2.9",
      "@storybook/addon-links": "^6.2.9",
      "@storybook/react": "^6.2.9",
      "@types/react": "^17.0.11",
      "@types/react-dom": "^17.0.8",
      "@types/styled-components": "^5.1.10",
      "@types/styled-system": "^5.1.11",
      "babel-loader": "^8.2.2",
      "eslint": "^7.29.0",
      "eslint-config-prettier": "^8.3.0",
      "eslint-plugin-import": "^2.23.4",
      "eslint-plugin-jsx-a11y": "^6.4.1",
      "eslint-plugin-mdx": "^1.13.0",
      "eslint-plugin-react": "^7.24.0",
      "prettier": "^2.3.1"
    }
  }

yarn manifest: 
  No manifest

Lockfile: 
  No lockfile
